[2024-01-02T23:02:41.327561+00:00] logger.INFO: anmelden erfolgreich [] []
[2024-01-02T23:02:57.093116+00:00] logger.WARNING: password oder email falsch  [] []
[2024-01-02T23:03:15.260628+00:00] logger.WARNING: password oder email falsch  [] []
[2024-01-02T23:04:01.978799+00:00] logger.WARNING: password oder email falsch  [] []
[2024-01-02T23:05:11.625922+00:00] logger.WARNING: password oder email falsch  [] []
[2024-01-02T23:05:17.052453+00:00] logger.WARNING: password oder email falsch  [] []
[2024-01-02T23:14:43.176180+00:00] logger.INFO: anmelden erfolgreich [] []
[2024-01-02T23:14:47.613945+00:00] logger.WARNING: password oder email falsch  [] []
[2024-01-02T23:16:03.559285+00:00] logger.WARNING: password oder email falsch  [] []
[2024-01-02T23:16:07.426772+00:00] logger.WARNING: unbekannter fehler [] []
[2024-01-02T23:16:13.368500+00:00] logger.WARNING: unbekannter fehler [] []
[2024-01-02T23:16:59.867389+00:00] logger.INFO: anmelden erfolgreich [] []
[2024-01-02T23:17:05.189970+00:00] logger.WARNING: password oder email falsch  [] []
[2024-01-02T23:17:09.597433+00:00] logger.WARNING: password oder email falsch  [] []
[2024-01-02T23:17:12.839626+00:00] logger.WARNING: unbekannter fehler [] []
[2024-01-02T23:17:50.965872+00:00] logger.INFO: anmelden erfolgreich [] []
[2024-01-02T23:17:56.571321+00:00] logger.WARNING: password oder email falsch  [] []
[2024-01-02T23:18:03.955372+00:00] logger.WARNING: password oder email falsch  [] []
[2024-01-02T23:18:09.589563+00:00] logger.WARNING: password oder email falsch  [] []
[2024-01-02T23:18:15.963153+00:00] logger.WARNING: password oder email falsch  [] []
[2024-01-02T23:18:24.938690+00:00] logger.WARNING: password oder email falsch  [] []
[2024-01-02T23:18:33.547253+00:00] logger.WARNING: password oder email falsch  [] []
[2024-01-02T23:18:50.550327+00:00] logger.WARNING: password oder email falsch  [] []
[2024-01-02T23:19:47.796403+00:00] logger.INFO: anmelden erfolgreich [] []
[2024-01-02T23:19:53.975931+00:00] logger.WARNING: password oder email falsch  [] []
[2024-01-02T23:19:59.019762+00:00] logger.INFO: anmelden erfolgreich [] []
[2024-01-04T12:21:52.952370+00:00] logger.INFO: anmelden erfolgreich [] []
[2024-01-04T12:22:42.591798+00:00] logger.WARNING: password oder email falsch  [] []
[2024-01-04T12:22:45.727559+00:00] logger.INFO: anmelden erfolgreich [] []
[2024-01-07T23:48:54.897850+00:00] logger.INFO: anmelden erfolgreich [] []
[2024-01-07T23:49:19.830266+00:00] logger.INFO: anmelden erfolgreich [] []
[2024-01-07T23:49:41.105490+00:00] logger.WARNING: password oder email falsch  [] []
[2024-01-07T23:49:41.353419+00:00] logger.WARNING: password oder email falsch  [] []
[2024-01-07T23:49:48.719337+00:00] logger.INFO: anmelden erfolgreich [] []
[2024-01-08T00:45:49.573653+00:00] logger.INFO: anmelden erfolgreich [] []
[2024-01-08T00:46:06.034128+00:00] logger.INFO: anmelden erfolgreich [] []
[2024-01-08T00:46:56.581054+00:00] logger.INFO: anmelden erfolgreich [] []
[2024-01-08T00:47:11.186770+00:00] logger.WARNING: password oder email falsch  [] []
[2024-01-08T01:10:23.425448+00:00] logger.WARNING: password oder email falsch  [] []
[2024-01-08T01:10:26.750687+00:00] logger.WARNING: password oder email falsch  [] []
[2024-01-08T01:13:33.752329+00:00] logger.WARNING: password oder email falsch  [] []
[2024-01-08T01:16:07.138333+00:00] logger.WARNING: password oder email falsch  [] []
[2024-01-08T01:19:56.652719+00:00] logger.INFO: anmelden erfolgreich [] []
[2024-01-08T01:57:24.531853+00:00] logger.INFO: anmelden erfolgreich [] []
[2024-01-08T16:49:16.224929+00:00] logger.INFO: anmelden erfolgreich [] []
[2024-01-08T16:49:32.647774+00:00] logger.INFO: anmelden erfolgreich [] []
[2024-01-08T16:50:33.742343+00:00] logger.INFO: anmelden erfolgreich [] []
[2024-01-08T16:50:50.174890+00:00] logger.INFO: anmelden erfolgreich [] []
[2024-01-08T16:53:27.752968+00:00] logger.INFO: anmelden erfolgreich [] []
[2024-01-08T16:55:00.101155+00:00] logger.INFO: anmelden erfolgreich [] []
[2024-01-08T16:55:17.033391+00:00] logger.INFO: anmelden erfolgreich [] []
[2024-01-08T16:56:14.178338+00:00] logger.INFO: anmelden erfolgreich [] []
[2024-01-08T16:58:45.674436+00:00] logger.INFO: anmelden erfolgreich [] []
[2024-01-08T17:07:40.537365+00:00] logger.INFO: anmelden erfolgreich [] []
[2024-01-08T17:07:46.797877+00:00] logger.INFO: anmelden erfolgreich [] []
[2024-01-08T17:11:37.387149+00:00] logger.INFO: anmelden erfolgreich [] []
[2024-01-08T17:11:56.966218+00:00] logger.INFO: anmelden erfolgreich [] []
[2024-01-08T17:12:23.160981+00:00] logger.INFO: anmelden erfolgreich [] []
[2024-01-08T17:14:36.651115+00:00] logger.INFO: anmelden erfolgreich [] []
[2024-01-08T17:16:13.564460+00:00] logger.INFO: anmelden erfolgreich [] []
[2024-01-08T17:18:41.986828+00:00] logger.INFO: anmelden erfolgreich [] []
[2024-01-08T17:19:02.991641+00:00] logger.INFO: anmelden erfolgreich [] []
[2024-01-08T17:21:21.488125+00:00] logger.INFO: anmelden erfolgreich [] []
[2024-01-08T17:21:28.204660+00:00] logger.INFO: anmelden erfolgreich [] []
[2024-01-08T17:21:34.750656+00:00] logger.INFO: anmelden erfolgreich [] []
[2024-01-08T17:21:41.458319+00:00] logger.INFO: anmelden erfolgreich [] []
[2024-01-08T17:24:04.155430+00:00] logger.INFO: anmelden erfolgreich [] []
[2024-01-08T17:24:32.045253+00:00] logger.INFO: anmelden erfolgreich [] []
[2024-01-08T17:24:39.544150+00:00] logger.INFO: anmelden erfolgreich [] []
[2024-01-08T17:24:50.508002+00:00] logger.INFO: anmelden erfolgreich [] []
[2024-01-08T17:25:01.889559+00:00] logger.INFO: anmelden erfolgreich [] []
[2024-01-08T17:30:43.865499+00:00] logger.INFO: anmelden erfolgreich [] []
[2024-01-08T17:33:11.608390+00:00] logger.INFO: anmelden erfolgreich [] []
[2024-01-08T17:33:28.290745+00:00] logger.INFO: anmelden erfolgreich [] []
[2024-01-08T17:35:00.065966+00:00] logger.INFO: anmelden erfolgreich [] []
[2024-01-08T17:38:59.429148+00:00] logger.INFO: anmelden erfolgreich [] []
[2024-01-08T17:39:22.686557+00:00] logger.INFO: anmelden erfolgreich [] []
[2024-01-08T17:40:01.660734+00:00] logger.INFO: anmelden erfolgreich [] []
[2024-01-08T17:40:38.956339+00:00] logger.INFO: anmelden erfolgreich [] []
[2024-01-08T17:49:11.887557+00:00] logger.INFO: anmelden erfolgreich [] []
[2024-01-08T17:50:58.169208+00:00] logger.INFO: anmelden erfolgreich [] []
[2024-01-08T17:51:48.063979+00:00] logger.INFO: anmelden erfolgreich [] []
[2024-01-08T17:52:30.825923+00:00] logger.INFO: anmelden erfolgreich [] []
[2024-01-08T17:53:07.484903+00:00] logger.INFO: anmelden erfolgreich [] []
[2024-01-08T17:53:51.931076+00:00] logger.INFO: anmelden erfolgreich [] []
[2024-01-08T17:55:42.617610+00:00] logger.INFO: anmelden erfolgreich [] []
[2024-01-08T17:59:47.239960+00:00] logger.INFO: anmelden erfolgreich [] []
[2024-01-08T18:00:29.380786+00:00] logger.INFO: anmelden erfolgreich [] []
[2024-01-08T18:00:36.509425+00:00] logger.INFO: anmelden erfolgreich [] []
[2024-01-08T18:01:11.838278+00:00] logger.INFO: anmelden erfolgreich [] []
[2024-01-08T18:04:07.793224+00:00] logger.INFO: anmelden erfolgreich [] []
[2024-01-08T18:06:59.529862+00:00] logger.INFO: anmelden erfolgreich [] []
[2024-01-08T18:08:20.127123+00:00] logger.INFO: anmelden erfolgreich [] []
[2024-01-08T18:08:48.064888+00:00] logger.INFO: anmelden erfolgreich [] []
[2024-01-08T18:11:14.140764+00:00] logger.INFO: anmelden erfolgreich [] []
[2024-01-08T18:11:40.612133+00:00] logger.INFO: anmelden erfolgreich [] []
[2024-01-08T18:12:15.004729+00:00] logger.INFO: anmelden erfolgreich [] []
[2024-01-08T18:12:57.248988+00:00] logger.INFO: anmelden erfolgreich [] []
[2024-01-08T18:15:48.480315+00:00] logger.INFO: anmelden erfolgreich [] []
[2024-01-08T18:19:25.547707+00:00] logger.INFO: anmelden erfolgreich [] []
[2024-01-08T18:19:35.657541+00:00] logger.INFO: anmelden erfolgreich [] []
[2024-01-08T18:25:15.891711+00:00] logger.INFO: anmelden erfolgreich [] []
[2024-01-08T18:26:36.057405+00:00] logger.INFO: anmelden erfolgreich [] []
[2024-01-08T18:30:49.431352+00:00] logger.INFO: anmelden erfolgreich [] []
[2024-01-08T18:31:56.219564+00:00] logger.INFO: anmelden erfolgreich [] []
[2024-01-08T18:32:18.552386+00:00] logger.INFO: anmelden erfolgreich [] []
[2024-01-08T18:32:37.997588+00:00] logger.INFO: anmelden erfolgreich [] []
[2024-01-08T18:32:42.944293+00:00] logger.INFO: anmelden erfolgreich [] []
[2024-01-08T18:33:38.941381+00:00] logger.INFO: anmelden erfolgreich [] []
[2024-01-08T18:33:49.467274+00:00] logger.INFO: anmelden erfolgreich [] []
[2024-01-08T18:33:57.708758+00:00] logger.INFO: anmelden erfolgreich [] []
[2024-01-08T18:34:15.515106+00:00] logger.INFO: anmelden erfolgreich [] []
[2024-01-08T18:35:16.556662+00:00] logger.INFO: anmelden erfolgreich [] []
[2024-01-08T18:35:22.586038+00:00] logger.INFO: anmelden erfolgreich [] []
[2024-01-08T18:35:35.914124+00:00] logger.INFO: anmelden erfolgreich [] []
[2024-01-08T18:36:00.930076+00:00] logger.INFO: anmelden erfolgreich [] []
[2024-01-08T18:40:33.709748+00:00] logger.INFO: anmelden erfolgreich [] []
[2024-01-08T18:40:40.489708+00:00] logger.INFO: anmelden erfolgreich [] []
[2024-01-08T18:40:55.568466+00:00] logger.INFO: anmelden erfolgreich [] []
[2024-01-08T18:42:05.836623+00:00] logger.INFO: anmelden erfolgreich [] []
[2024-01-08T18:42:12.407808+00:00] logger.INFO: anmelden erfolgreich [] []
[2024-01-08T18:42:17.201909+00:00] logger.INFO: anmelden erfolgreich [] []
[2024-01-08T18:42:23.362115+00:00] logger.INFO: anmelden erfolgreich [] []
[2024-01-08T18:42:45.549827+00:00] logger.INFO: anmelden erfolgreich [] []
[2024-01-08T18:42:52.736456+00:00] logger.INFO: anmelden erfolgreich [] []
[2024-01-08T18:43:00.522611+00:00] logger.INFO: anmelden erfolgreich [] []
[2024-01-08T18:43:09.784449+00:00] logger.INFO: anmelden erfolgreich [] []
[2024-01-08T20:11:15.358889+00:00] logger.INFO: anmelden erfolgreich [] []
[2024-01-08T20:20:12.223212+00:00] logger.INFO: anmelden erfolgreich [] []
[2024-01-08T20:20:34.508139+00:00] logger.WARNING: password oder email falsch  [] []
[2024-01-08T20:43:01.332779+00:00] logger.WARNING: password oder email falsch  [] []
[2024-01-08T20:43:05.442067+00:00] logger.INFO: anmelden erfolgreich [] []
[2024-01-08T20:48:04.358291+00:00] logger.INFO: anmelden erfolgreich [] []
[2024-01-08T20:48:11.370491+00:00] logger.INFO: anmelden erfolgreich [] []
[2024-01-09T23:05:42.450760+00:00] logger.INFO: anmelden erfolgreich [] []
[2024-01-09T23:05:57.223962+00:00] logger.INFO: anmelden erfolgreich [] []
[2024-01-09T23:09:41.492012+00:00] logger.INFO: anmelden erfolgreich [] []
[2024-01-09T23:09:53.322738+00:00] logger.INFO: anmelden erfolgreich [] []
[2024-01-09T23:10:01.671980+00:00] logger.INFO: anmelden erfolgreich [] []
[2024-01-09T23:10:11.520584+00:00] logger.INFO: anmelden erfolgreich [] []
[2024-01-09T23:11:33.858931+00:00] logger.INFO: anmelden erfolgreich [] []
[2024-01-09T23:13:59.032115+00:00] logger.INFO: anmelden erfolgreich [] []
[2024-01-09T23:14:58.843045+00:00] logger.INFO: anmelden erfolgreich [] []
[2024-01-10T14:08:09.648126+00:00] logger.INFO: anmelden erfolgreich [] []
[2024-01-10T14:08:21.747100+00:00] logger.WARNING: password oder email falsch  [] []
[2024-01-10T14:08:29.149029+00:00] logger.INFO: anmelden erfolgreich [] []
[2024-01-10T14:13:58.325000+00:00] logger.INFO: anmelden erfolgreich [] []
[2024-01-10T14:13:59.410488+00:00] logger.INFO: abmelden erfolgreich [] []
[2024-01-10T14:14:58.446299+00:00] logger.INFO: hauptsiete zugriff erfolgreich [] []
[2024-01-10T14:31:17.237416+00:00] logger.INFO: hauptseite zugriff erfolgreich [] []
[2024-01-10T14:31:39.836154+00:00] logger.INFO: hauptseite zugriff erfolgreich [] []
[2024-01-10T15:02:10.857710+00:00] logger.INFO: hauptseite zugriff erfolgreich [] []
[2024-01-10T15:04:26.542239+00:00] logger.INFO: hauptseite zugriff erfolgreich [] []
[2024-01-10T15:04:31.909965+00:00] logger.INFO: anmelden erfolgreich [] []
[2024-01-10T15:04:49.554044+00:00] logger.INFO: anmelden erfolgreich [] []
[2024-01-10T15:04:57.063765+00:00] logger.INFO: hauptseite zugriff erfolgreich [] []
[2024-01-10T15:06:33.217593+00:00] logger.INFO: hauptseite zugriff erfolgreich [] []
[2024-01-10T15:06:36.583951+00:00] logger.INFO: anmelden erfolgreich [] []
[2024-01-10T15:06:36.608948+00:00] logger.INFO: hauptseite zugriff erfolgreich [] []
[2024-01-10T15:06:47.001710+00:00] logger.INFO: anmelden erfolgreich [] []
[2024-01-10T15:06:47.029876+00:00] logger.INFO: hauptseite zugriff erfolgreich [] []
[2024-01-10T15:12:08.433811+00:00] logger.INFO: hauptseite zugriff erfolgreich [] []
[2024-01-10T15:12:14.756885+00:00] logger.INFO: anmelden erfolgreich [] []
[2024-01-10T15:12:14.795133+00:00] logger.INFO: hauptseite zugriff erfolgreich [] []
[2024-01-10T15:12:20.033904+00:00] logger.INFO: abmelden erfolgreich [] []
[2024-01-10T15:13:04.788284+00:00] logger.INFO: hauptseite zugriff erfolgreich [] []
[2024-01-10T15:13:06.331317+00:00] logger.INFO: abmelden erfolgreich [] []
[2024-01-10T15:13:06.357615+00:00] logger.INFO: hauptseite zugriff erfolgreich [] []
[2024-01-10T15:13:10.061793+00:00] logger.INFO: anmelden erfolgreich [] []
[2024-01-10T15:13:10.086165+00:00] logger.INFO: hauptseite zugriff erfolgreich [] []
[2024-01-10T15:13:12.668802+00:00] logger.INFO: abmelden erfolgreich [] []
[2024-01-10T15:13:12.698189+00:00] logger.INFO: hauptseite zugriff erfolgreich [] []
[2024-01-10T15:13:17.039899+00:00] logger.INFO: anmelden erfolgreich [] []
[2024-01-10T15:13:17.069625+00:00] logger.INFO: hauptseite zugriff erfolgreich [] []
[2024-01-10T15:13:27.858030+00:00] logger.INFO: abmelden erfolgreich [] []
[2024-01-10T15:13:27.888111+00:00] logger.INFO: hauptseite zugriff erfolgreich [] []
[2024-01-10T15:14:10.592783+00:00] logger.INFO: hauptseite zugriff erfolgreich [] []
[2024-01-10T15:14:13.826540+00:00] logger.INFO: anmelden erfolgreich [] []
[2024-01-10T15:14:13.850740+00:00] logger.INFO: hauptseite zugriff erfolgreich [] []
[2024-01-10T15:14:16.507676+00:00] logger.INFO: abmelden erfolgreich [] []
[2024-01-10T15:14:16.535929+00:00] logger.INFO: hauptseite zugriff erfolgreich [] []
[2024-01-10T15:14:19.798181+00:00] logger.INFO: anmelden erfolgreich [] []
[2024-01-10T15:14:19.841241+00:00] logger.INFO: hauptseite zugriff erfolgreich [] []
[2024-01-17T21:23:09.470249+00:00] logger.INFO: hauptseite zugriff erfolgreich [] []
[2024-01-17T21:23:13.056291+00:00] logger.INFO: anmelden erfolgreich [] []
[2024-01-17T21:23:13.082841+00:00] logger.INFO: hauptseite zugriff erfolgreich [] []
[2024-01-17T21:23:14.453367+00:00] logger.INFO: abmelden erfolgreich [] []
[2024-01-17T21:23:14.477552+00:00] logger.INFO: hauptseite zugriff erfolgreich [] []
[2024-01-17T21:28:32.452614+00:00] logger.INFO: hauptseite zugriff erfolgreich [] []
[2024-01-17T21:28:35.777685+00:00] logger.INFO: anmelden erfolgreich [] []
[2024-01-17T21:28:35.802702+00:00] logger.INFO: hauptseite zugriff erfolgreich [] []
[2024-01-17T21:29:28.418815+00:00] logger.INFO: hauptseite zugriff erfolgreich [] []
[2024-01-17T21:29:31.402181+00:00] logger.INFO: anmelden erfolgreich [] []
[2024-01-17T21:29:31.449559+00:00] logger.INFO: hauptseite zugriff erfolgreich [] []
[2024-01-17T21:29:35.658850+00:00] logger.INFO: anmelden erfolgreich [] []
[2024-01-17T21:29:35.704449+00:00] logger.INFO: hauptseite zugriff erfolgreich [] []
[2024-01-17T21:30:41.574730+00:00] logger.INFO: hauptseite zugriff erfolgreich [] []
[2024-01-17T21:30:44.649045+00:00] logger.INFO: anmelden erfolgreich [] []
[2024-01-17T21:30:44.684497+00:00] logger.INFO: hauptseite zugriff erfolgreich [] []
[2024-01-17T21:40:14.644811+00:00] logger.INFO: hauptseite zugriff erfolgreich [] []
[2024-01-17T21:40:18.060567+00:00] logger.INFO: anmelden erfolgreich [] []
[2024-01-17T21:40:18.086593+00:00] logger.INFO: hauptseite zugriff erfolgreich [] []
[2024-01-17T21:40:57.328144+00:00] logger.INFO: hauptseite zugriff erfolgreich [] []
[2024-01-17T21:41:00.650837+00:00] logger.INFO: anmelden erfolgreich [] []
[2024-01-17T21:42:26.307921+00:00] logger.INFO: hauptseite zugriff erfolgreich [] []
[2024-01-17T21:42:27.914906+00:00] logger.INFO: abmelden erfolgreich [] []
[2024-01-17T21:42:27.961031+00:00] logger.INFO: hauptseite zugriff erfolgreich [] []
[2024-01-17T21:42:30.250039+00:00] logger.INFO: anmelden erfolgreich [] []
[2024-01-17T21:42:30.287623+00:00] logger.INFO: hauptseite zugriff erfolgreich [] []
[2024-01-17T21:43:52.933198+00:00] logger.INFO: hauptseite zugriff erfolgreich [] []
[2024-01-17T21:43:54.088436+00:00] logger.INFO: abmelden erfolgreich [] []
[2024-01-17T21:43:54.115188+00:00] logger.INFO: hauptseite zugriff erfolgreich [] []
[2024-01-17T21:43:57.120609+00:00] logger.INFO: anmelden erfolgreich [] []
[2024-01-17T21:43:57.148525+00:00] logger.INFO: hauptseite zugriff erfolgreich [] []
[2024-01-17T21:44:15.473928+00:00] logger.INFO: hauptseite zugriff erfolgreich [] []
[2024-01-17T21:44:16.304522+00:00] logger.INFO: abmelden erfolgreich [] []
[2024-01-17T21:44:16.351001+00:00] logger.INFO: hauptseite zugriff erfolgreich [] []
[2024-01-17T21:44:18.974725+00:00] logger.INFO: anmelden erfolgreich [] []
[2024-01-17T21:44:19.012591+00:00] logger.INFO: hauptseite zugriff erfolgreich [] []
[2024-01-17T21:45:20.961922+00:00] logger.INFO: hauptseite zugriff erfolgreich [] []
[2024-01-17T21:45:22.500598+00:00] logger.INFO: abmelden erfolgreich [] []
[2024-01-17T21:45:22.538771+00:00] logger.INFO: hauptseite zugriff erfolgreich [] []
[2024-01-17T21:45:25.112682+00:00] logger.INFO: anmelden erfolgreich [] []
[2024-01-17T21:45:25.154133+00:00] logger.INFO: hauptseite zugriff erfolgreich [] []
[2024-01-17T21:46:43.555615+00:00] logger.INFO: hauptseite zugriff erfolgreich [] []
[2024-01-17T21:46:45.760034+00:00] logger.INFO: abmelden erfolgreich [] []
[2024-01-17T21:46:45.778057+00:00] logger.INFO: hauptseite zugriff erfolgreich [] []
[2024-01-17T21:46:48.353496+00:00] logger.INFO: anmelden erfolgreich [] []
[2024-01-17T21:46:48.372452+00:00] logger.INFO: hauptseite zugriff erfolgreich [] []
[2024-01-17T21:46:51.372637+00:00] logger.INFO: abmelden erfolgreich [] []
[2024-01-17T21:46:51.389891+00:00] logger.INFO: hauptseite zugriff erfolgreich [] []
[2024-01-17T21:46:53.728958+00:00] logger.INFO: anmelden erfolgreich [] []
[2024-01-17T21:46:53.745041+00:00] logger.INFO: hauptseite zugriff erfolgreich [] []
[2024-01-17T21:47:25.906567+00:00] logger.INFO: hauptseite zugriff erfolgreich [] []
[2024-01-17T21:47:26.836945+00:00] logger.INFO: abmelden erfolgreich [] []
[2024-01-17T21:47:26.854021+00:00] logger.INFO: hauptseite zugriff erfolgreich [] []
[2024-01-17T21:47:29.056569+00:00] logger.INFO: anmelden erfolgreich [] []
[2024-01-17T21:47:29.090637+00:00] logger.INFO: hauptseite zugriff erfolgreich [] []
[2024-01-17T21:47:30.647926+00:00] logger.INFO: abmelden erfolgreich [] []
[2024-01-17T21:47:30.667719+00:00] logger.INFO: hauptseite zugriff erfolgreich [] []
[2024-01-17T21:47:33.580546+00:00] logger.INFO: anmelden erfolgreich [] []
[2024-01-17T21:47:33.596921+00:00] logger.INFO: hauptseite zugriff erfolgreich [] []
[2024-01-17T21:49:28.592987+00:00] logger.INFO: hauptseite zugriff erfolgreich [] []
[2024-01-17T21:49:29.636144+00:00] logger.INFO: abmelden erfolgreich [] []
[2024-01-17T21:49:29.653899+00:00] logger.INFO: hauptseite zugriff erfolgreich [] []
[2024-01-17T21:49:31.927682+00:00] logger.INFO: anmelden erfolgreich [] []
[2024-01-17T21:49:31.946146+00:00] logger.INFO: hauptseite zugriff erfolgreich [] []
[2024-01-17T21:50:31.242648+00:00] logger.INFO: hauptseite zugriff erfolgreich [] []
[2024-01-17T21:50:32.889364+00:00] logger.INFO: abmelden erfolgreich [] []
[2024-01-17T21:50:32.941212+00:00] logger.INFO: hauptseite zugriff erfolgreich [] []
[2024-01-17T21:50:35.510124+00:00] logger.INFO: anmelden erfolgreich [] []
[2024-01-17T21:50:35.525875+00:00] logger.INFO: hauptseite zugriff erfolgreich [] []
[2024-01-17T21:50:37.443939+00:00] logger.INFO: abmelden erfolgreich [] []
[2024-01-17T21:50:37.474422+00:00] logger.INFO: hauptseite zugriff erfolgreich [] []
[2024-01-17T21:56:11.921331+00:00] logger.INFO: hauptseite zugriff erfolgreich [] []
[2024-01-17T21:56:14.457811+00:00] logger.INFO: anmelden erfolgreich [] []
[2024-01-17T21:56:14.476794+00:00] logger.INFO: hauptseite zugriff erfolgreich [] []
[2024-01-17T21:56:18.289861+00:00] logger.INFO: abmelden erfolgreich [] []
[2024-01-17T21:56:18.306858+00:00] logger.INFO: hauptseite zugriff erfolgreich [] []
[2024-01-17T21:56:21.210407+00:00] logger.INFO: anmelden erfolgreich [] []
[2024-01-17T21:56:21.229626+00:00] logger.INFO: hauptseite zugriff erfolgreich [] []
[2024-01-17T21:56:58.012022+00:00] logger.INFO: hauptseite zugriff erfolgreich [] []
[2024-01-17T21:56:58.967667+00:00] logger.INFO: abmelden erfolgreich [] []
[2024-01-17T21:56:58.987037+00:00] logger.INFO: hauptseite zugriff erfolgreich [] []
[2024-01-17T21:57:01.631447+00:00] logger.INFO: anmelden erfolgreich [] []
[2024-01-17T21:57:07.658808+00:00] logger.INFO: anmelden erfolgreich [] []
[2024-01-17T21:57:27.640944+00:00] logger.INFO: hauptseite zugriff erfolgreich [] []
[2024-01-17T21:57:28.914100+00:00] logger.INFO: abmelden erfolgreich [] []
[2024-01-17T21:57:28.930729+00:00] logger.INFO: hauptseite zugriff erfolgreich [] []
[2024-01-17T21:57:31.448557+00:00] logger.INFO: anmelden erfolgreich [] []
[2024-01-17T21:58:16.398702+00:00] logger.INFO: anmelden erfolgreich [] []
[2024-01-17T21:58:16.416925+00:00] logger.INFO: hauptseite zugriff erfolgreich [] []
[2024-01-17T21:59:07.659731+00:00] logger.INFO: hauptseite zugriff erfolgreich [] []
[2024-01-17T21:59:09.082477+00:00] logger.INFO: abmelden erfolgreich [] []
[2024-01-17T21:59:09.099745+00:00] logger.INFO: hauptseite zugriff erfolgreich [] []
[2024-01-17T21:59:11.549375+00:00] logger.INFO: anmelden erfolgreich [] []
[2024-01-17T21:59:40.675003+00:00] logger.INFO: hauptseite zugriff erfolgreich [] []
[2024-01-17T21:59:41.499066+00:00] logger.INFO: abmelden erfolgreich [] []
[2024-01-17T21:59:41.516915+00:00] logger.INFO: hauptseite zugriff erfolgreich [] []
[2024-01-17T21:59:43.786598+00:00] logger.INFO: anmelden erfolgreich [] []
[2024-01-17T22:00:08.300486+00:00] logger.INFO: hauptseite zugriff erfolgreich [] []
[2024-01-17T22:00:09.738531+00:00] logger.INFO: abmelden erfolgreich [] []
[2024-01-17T22:00:09.754921+00:00] logger.INFO: hauptseite zugriff erfolgreich [] []
[2024-01-17T22:00:12.593309+00:00] logger.INFO: anmelden erfolgreich [] []
[2024-01-17T22:03:20.877006+00:00] logger.INFO: hauptseite zugriff erfolgreich [] []
[2024-01-17T22:05:15.788766+00:00] logger.INFO: hauptseite zugriff erfolgreich [] []
[2024-01-17T22:05:17.014501+00:00] logger.INFO: abmelden erfolgreich [] []
[2024-01-17T22:05:17.031865+00:00] logger.INFO: hauptseite zugriff erfolgreich [] []
[2024-01-17T22:05:19.312945+00:00] logger.INFO: anmelden erfolgreich [] []
[2024-01-17T22:05:19.328963+00:00] logger.INFO: hauptseite zugriff erfolgreich [] []
[2024-01-17T22:05:50.034356+00:00] logger.INFO: hauptseite zugriff erfolgreich [] []
[2024-01-17T22:05:50.930461+00:00] logger.INFO: abmelden erfolgreich [] []
[2024-01-17T22:05:50.947945+00:00] logger.INFO: hauptseite zugriff erfolgreich [] []
[2024-01-17T22:05:53.041197+00:00] logger.INFO: anmelden erfolgreich [] []
[2024-01-17T22:05:53.058330+00:00] logger.INFO: hauptseite zugriff erfolgreich [] []
[2024-01-17T22:05:58.673643+00:00] logger.INFO: abmelden erfolgreich [] []
[2024-01-17T22:05:58.690438+00:00] logger.INFO: hauptseite zugriff erfolgreich [] []
[2024-01-17T22:06:01.361404+00:00] logger.INFO: anmelden erfolgreich [] []
[2024-01-17T22:06:01.395804+00:00] logger.INFO: hauptseite zugriff erfolgreich [] []
[2024-01-17T22:06:26.207382+00:00] logger.INFO: hauptseite zugriff erfolgreich [] []
[2024-01-17T22:06:27.220046+00:00] logger.INFO: abmelden erfolgreich [] []
[2024-01-17T22:06:27.236084+00:00] logger.INFO: hauptseite zugriff erfolgreich [] []
[2024-01-17T22:06:29.209301+00:00] logger.INFO: anmelden erfolgreich [] []
[2024-01-17T22:06:39.460938+00:00] logger.INFO: anmelden erfolgreich [] []
[2024-01-17T22:06:48.776080+00:00] logger.INFO: anmelden erfolgreich [] []
[2024-01-17T22:07:19.068812+00:00] logger.INFO: abmelden erfolgreich [] []
[2024-01-17T22:07:19.085824+00:00] logger.INFO: hauptseite zugriff erfolgreich [] []
[2024-01-17T22:07:25.666470+00:00] logger.INFO: anmelden erfolgreich [] []
[2024-01-17T22:07:33.101506+00:00] logger.INFO: anmelden erfolgreich [] []
[2024-01-17T22:07:37.773382+00:00] logger.INFO: anmelden erfolgreich [] []
[2024-01-17T22:07:44.744084+00:00] logger.INFO: anmelden erfolgreich [] []
[2024-01-17T22:08:02.943524+00:00] logger.INFO: anmelden erfolgreich [] []
[2024-01-17T22:08:09.766815+00:00] logger.INFO: anmelden erfolgreich [] []
[2024-01-17T22:08:30.028490+00:00] logger.INFO: anmelden erfolgreich [] []
[2024-01-17T22:08:34.391804+00:00] logger.INFO: anmelden erfolgreich [] []
[2024-01-17T22:08:48.460653+00:00] logger.INFO: abmelden erfolgreich [] []
[2024-01-17T22:08:48.479972+00:00] logger.INFO: hauptseite zugriff erfolgreich [] []
[2024-01-17T22:08:51.185456+00:00] logger.INFO: anmelden erfolgreich [] []
[2024-01-17T22:09:01.193366+00:00] logger.INFO: anmelden erfolgreich [] []
[2024-01-17T22:09:05.210038+00:00] logger.INFO: anmelden erfolgreich [] []
[2024-01-17T22:09:17.560894+00:00] logger.INFO: anmelden erfolgreich [] []
[2024-01-17T22:09:22.659231+00:00] logger.INFO: anmelden erfolgreich [] []
[2024-01-17T22:09:32.776860+00:00] logger.INFO: anmelden erfolgreich [] []
[2024-01-17T22:09:36.078438+00:00] logger.INFO: anmelden erfolgreich [] []
[2024-01-17T22:09:40.530873+00:00] logger.INFO: anmelden erfolgreich [] []
[2024-01-17T22:14:58.805453+00:00] logger.INFO: hauptseite zugriff erfolgreich [] []
[2024-01-17T22:15:03.490754+00:00] logger.INFO: abmelden erfolgreich [] []
[2024-01-17T22:15:03.507990+00:00] logger.INFO: hauptseite zugriff erfolgreich [] []
[2024-01-17T22:15:06.573207+00:00] logger.INFO: anmelden erfolgreich [] []
[2024-01-17T22:15:06.615287+00:00] logger.INFO: hauptseite zugriff erfolgreich [] []
[2024-01-17T22:16:10.254321+00:00] logger.INFO: hauptseite zugriff erfolgreich [] []
[2024-01-17T22:16:12.459380+00:00] logger.INFO: abmelden erfolgreich [] []
[2024-01-17T22:16:12.501476+00:00] logger.INFO: hauptseite zugriff erfolgreich [] []
[2024-01-17T22:16:14.768871+00:00] logger.INFO: anmelden erfolgreich [] []
[2024-01-17T22:16:14.785221+00:00] logger.INFO: hauptseite zugriff erfolgreich [] []
[2024-01-17T22:19:55.182305+00:00] logger.INFO: hauptseite zugriff erfolgreich [] []
[2024-01-17T22:19:56.436893+00:00] logger.INFO: abmelden erfolgreich [] []
[2024-01-17T22:19:56.453566+00:00] logger.INFO: hauptseite zugriff erfolgreich [] []
[2024-01-17T22:19:59.176206+00:00] logger.INFO: anmelden erfolgreich [] []
[2024-01-17T22:19:59.192373+00:00] logger.INFO: hauptseite zugriff erfolgreich [] []
[2024-01-17T22:22:20.342235+00:00] logger.INFO: hauptseite zugriff erfolgreich [] []
[2024-01-17T22:22:21.811361+00:00] logger.INFO: abmelden erfolgreich [] []
[2024-01-17T22:22:21.828598+00:00] logger.INFO: hauptseite zugriff erfolgreich [] []
[2024-01-17T22:22:24.139789+00:00] logger.INFO: anmelden erfolgreich [] []
[2024-01-17T22:22:24.170846+00:00] logger.INFO: hauptseite zugriff erfolgreich [] []
[2024-01-17T22:22:46.490563+00:00] logger.INFO: hauptseite zugriff erfolgreich [] []
[2024-01-17T22:22:48.233652+00:00] logger.INFO: abmelden erfolgreich [] []
[2024-01-17T22:22:48.251190+00:00] logger.INFO: hauptseite zugriff erfolgreich [] []
[2024-01-17T22:22:50.311241+00:00] logger.INFO: anmelden erfolgreich [] []
[2024-01-17T22:22:50.327268+00:00] logger.INFO: hauptseite zugriff erfolgreich [] []
[2024-01-17T22:23:12.775784+00:00] logger.INFO: hauptseite zugriff erfolgreich [] []
[2024-01-17T22:23:13.946968+00:00] logger.INFO: abmelden erfolgreich [] []
[2024-01-17T22:23:13.963531+00:00] logger.INFO: hauptseite zugriff erfolgreich [] []
[2024-01-17T22:23:16.240591+00:00] logger.INFO: anmelden erfolgreich [] []
[2024-01-17T22:23:16.256696+00:00] logger.INFO: hauptseite zugriff erfolgreich [] []
[2024-01-17T22:23:17.270172+00:00] logger.INFO: abmelden erfolgreich [] []
[2024-01-17T22:23:17.310885+00:00] logger.INFO: hauptseite zugriff erfolgreich [] []
[2024-01-17T22:23:20.313073+00:00] logger.INFO: anmelden erfolgreich [] []
[2024-01-17T22:23:20.334647+00:00] logger.INFO: hauptseite zugriff erfolgreich [] []
[2024-01-17T22:23:21.987213+00:00] logger.INFO: abmelden erfolgreich [] []
[2024-01-17T22:23:22.004881+00:00] logger.INFO: hauptseite zugriff erfolgreich [] []
[2024-01-17T22:24:37.531243+00:00] logger.INFO: hauptseite zugriff erfolgreich [] []
[2024-01-17T22:24:40.885403+00:00] logger.INFO: anmelden erfolgreich [] []
[2024-01-17T22:24:40.902129+00:00] logger.INFO: hauptseite zugriff erfolgreich [] []
[2024-01-17T22:24:56.295727+00:00] logger.INFO: hauptseite zugriff erfolgreich [] []
[2024-01-17T22:24:57.128200+00:00] logger.INFO: abmelden erfolgreich [] []
[2024-01-17T22:24:57.174205+00:00] logger.INFO: hauptseite zugriff erfolgreich [] []
[2024-01-17T22:24:59.530952+00:00] logger.INFO: anmelden erfolgreich [] []
[2024-01-17T22:24:59.548411+00:00] logger.INFO: hauptseite zugriff erfolgreich [] []
[2024-01-17T22:27:56.630850+00:00] logger.INFO: hauptseite zugriff erfolgreich [] []
[2024-01-17T22:27:58.159192+00:00] logger.INFO: abmelden erfolgreich [] []
[2024-01-17T22:27:58.190898+00:00] logger.INFO: hauptseite zugriff erfolgreich [] []
[2024-01-17T22:28:00.358405+00:00] logger.INFO: anmelden erfolgreich [] []
[2024-01-17T22:28:00.375381+00:00] logger.INFO: hauptseite zugriff erfolgreich [] []
[2024-01-17T22:29:16.117499+00:00] logger.INFO: hauptseite zugriff erfolgreich [] []
[2024-01-17T22:29:17.021624+00:00] logger.INFO: abmelden erfolgreich [] []
[2024-01-17T22:29:17.054412+00:00] logger.INFO: hauptseite zugriff erfolgreich [] []
[2024-01-17T22:29:19.828765+00:00] logger.INFO: anmelden erfolgreich [] []
[2024-01-17T22:29:19.847164+00:00] logger.INFO: hauptseite zugriff erfolgreich [] []
[2024-01-17T22:32:08.662219+00:00] logger.INFO: hauptseite zugriff erfolgreich [] []
[2024-01-17T22:32:14.281418+00:00] logger.INFO: abmelden erfolgreich [] []
[2024-01-17T22:32:14.298892+00:00] logger.INFO: hauptseite zugriff erfolgreich [] []
[2024-01-17T22:32:32.344628+00:00] logger.INFO: hauptseite zugriff erfolgreich [] []
[2024-01-17T22:32:35.680714+00:00] logger.INFO: anmelden erfolgreich [] []
[2024-01-17T22:32:35.716672+00:00] logger.INFO: hauptseite zugriff erfolgreich [] []
[2024-01-17T22:32:37.255269+00:00] logger.INFO: abmelden erfolgreich [] []
[2024-01-17T22:32:37.272972+00:00] logger.INFO: hauptseite zugriff erfolgreich [] []
[2024-01-17T22:34:23.732300+00:00] logger.INFO: hauptseite zugriff erfolgreich [] []
[2024-01-17T22:34:26.359951+00:00] logger.INFO: anmelden erfolgreich [] []
[2024-01-17T22:34:26.389412+00:00] logger.INFO: hauptseite zugriff erfolgreich [] []
[2024-01-17T22:34:47.402621+00:00] logger.INFO: hauptseite zugriff erfolgreich [] []
[2024-01-17T22:34:51.953609+00:00] logger.INFO: abmelden erfolgreich [] []
[2024-01-17T22:34:51.970143+00:00] logger.INFO: hauptseite zugriff erfolgreich [] []
[2024-01-17T22:34:54.926387+00:00] logger.INFO: anmelden erfolgreich [] []
[2024-01-17T22:34:54.946233+00:00] logger.INFO: hauptseite zugriff erfolgreich [] []
[2024-01-17T22:36:08.382651+00:00] logger.INFO: hauptseite zugriff erfolgreich [] []
[2024-01-17T22:36:10.271796+00:00] logger.INFO: abmelden erfolgreich [] []
[2024-01-17T22:36:10.289546+00:00] logger.INFO: hauptseite zugriff erfolgreich [] []
[2024-01-17T22:36:22.624905+00:00] logger.INFO: hauptseite zugriff erfolgreich [] []
[2024-01-17T22:36:25.949344+00:00] logger.INFO: anmelden erfolgreich [] []
[2024-01-17T22:36:25.966459+00:00] logger.INFO: hauptseite zugriff erfolgreich [] []
[2024-01-17T22:48:58.069773+00:00] logger.INFO: hauptseite zugriff erfolgreich [] []
[2024-01-17T22:48:59.094376+00:00] logger.INFO: abmelden erfolgreich [] []
[2024-01-17T22:48:59.111778+00:00] logger.INFO: hauptseite zugriff erfolgreich [] []
[2024-01-17T22:49:01.470182+00:00] logger.INFO: anmelden erfolgreich [] []
[2024-01-17T22:49:01.506838+00:00] logger.INFO: hauptseite zugriff erfolgreich [] []
[2024-01-17T22:49:03.976398+00:00] logger.INFO: abmelden erfolgreich [] []
[2024-01-17T22:49:03.993669+00:00] logger.INFO: hauptseite zugriff erfolgreich [] []
[2024-01-17T22:49:06.528235+00:00] logger.INFO: anmelden erfolgreich [] []
[2024-01-17T22:49:06.545446+00:00] logger.INFO: hauptseite zugriff erfolgreich [] []
[2024-01-17T22:49:18.714557+00:00] logger.INFO: hauptseite zugriff erfolgreich [] []
[2024-01-17T22:49:19.650989+00:00] logger.INFO: abmelden erfolgreich [] []
[2024-01-17T22:49:19.692936+00:00] logger.INFO: hauptseite zugriff erfolgreich [] []
[2024-01-17T22:49:21.866782+00:00] logger.INFO: anmelden erfolgreich [] []
[2024-01-17T22:49:21.883679+00:00] logger.INFO: hauptseite zugriff erfolgreich [] []
[2024-01-17T22:49:50.975019+00:00] logger.INFO: hauptseite zugriff erfolgreich [] []
[2024-01-17T22:50:16.714943+00:00] logger.INFO: hauptseite zugriff erfolgreich [] []
[2024-01-17T22:50:17.631394+00:00] logger.INFO: abmelden erfolgreich [] []
[2024-01-17T22:50:17.648507+00:00] logger.INFO: hauptseite zugriff erfolgreich [] []
[2024-01-17T22:50:19.785221+00:00] logger.INFO: anmelden erfolgreich [] []
[2024-01-17T22:50:19.802027+00:00] logger.INFO: hauptseite zugriff erfolgreich [] []
[2024-01-17T22:53:01.147959+00:00] logger.INFO: hauptseite zugriff erfolgreich [] []
[2024-01-17T22:53:27.397493+00:00] logger.INFO: hauptseite zugriff erfolgreich [] []
[2024-01-17T22:53:29.265072+00:00] logger.INFO: abmelden erfolgreich [] []
[2024-01-17T22:53:29.296168+00:00] logger.INFO: hauptseite zugriff erfolgreich [] []
[2024-01-17T22:53:31.982445+00:00] logger.INFO: anmelden erfolgreich [] []
[2024-01-17T22:53:31.999399+00:00] logger.INFO: hauptseite zugriff erfolgreich [] []
[2024-01-17T22:53:52.000614+00:00] logger.INFO: hauptseite zugriff erfolgreich [] []
[2024-01-17T22:53:53.017057+00:00] logger.INFO: abmelden erfolgreich [] []
[2024-01-17T22:53:53.035519+00:00] logger.INFO: hauptseite zugriff erfolgreich [] []
[2024-01-17T22:53:54.909395+00:00] logger.INFO: anmelden erfolgreich [] []
[2024-01-17T22:53:54.925608+00:00] logger.INFO: hauptseite zugriff erfolgreich [] []
[2024-01-17T22:54:32.917020+00:00] logger.INFO: hauptseite zugriff erfolgreich [] []
[2024-01-17T22:54:36.329490+00:00] logger.INFO: abmelden erfolgreich [] []
[2024-01-17T22:54:36.368462+00:00] logger.INFO: hauptseite zugriff erfolgreich [] []
[2024-01-17T22:54:38.689677+00:00] logger.INFO: anmelden erfolgreich [] []
[2024-01-17T22:54:38.706531+00:00] logger.INFO: hauptseite zugriff erfolgreich [] []
[2024-01-17T22:54:40.706988+00:00] logger.INFO: hauptseite zugriff erfolgreich [] []
[2024-01-17T22:54:42.361470+00:00] logger.INFO: hauptseite zugriff erfolgreich [] []
[2024-01-17T22:54:45.050379+00:00] logger.INFO: hauptseite zugriff erfolgreich [] []
[2024-01-17T22:54:47.042905+00:00] logger.INFO: hauptseite zugriff erfolgreich [] []
[2024-01-17T22:55:48.948347+00:00] logger.INFO: hauptseite zugriff erfolgreich [] []
[2024-01-17T22:55:50.483532+00:00] logger.INFO: abmelden erfolgreich [] []
[2024-01-17T22:55:50.503548+00:00] logger.INFO: hauptseite zugriff erfolgreich [] []
[2024-01-17T22:55:53.150778+00:00] logger.INFO: anmelden erfolgreich [] []
[2024-01-17T22:55:53.168072+00:00] logger.INFO: hauptseite zugriff erfolgreich [] []
[2024-01-17T22:56:30.822865+00:00] logger.INFO: hauptseite zugriff erfolgreich [] []
[2024-01-17T22:56:32.457333+00:00] logger.INFO: abmelden erfolgreich [] []
[2024-01-17T22:56:32.476639+00:00] logger.INFO: hauptseite zugriff erfolgreich [] []
[2024-01-17T22:56:34.791174+00:00] logger.INFO: anmelden erfolgreich [] []
[2024-01-17T22:56:34.808323+00:00] logger.INFO: hauptseite zugriff erfolgreich [] []
[2024-01-17T22:56:36.104569+00:00] logger.INFO: abmelden erfolgreich [] []
[2024-01-17T22:56:36.121693+00:00] logger.INFO: hauptseite zugriff erfolgreich [] []
[2024-01-17T22:56:38.684529+00:00] logger.INFO: anmelden erfolgreich [] []
[2024-01-17T22:56:38.706500+00:00] logger.INFO: hauptseite zugriff erfolgreich [] []
[2024-01-17T22:56:48.728338+00:00] logger.INFO: hauptseite zugriff erfolgreich [] []
[2024-01-17T22:57:09.037990+00:00] logger.INFO: abmelden erfolgreich [] []
[2024-01-17T22:57:09.058736+00:00] logger.INFO: hauptseite zugriff erfolgreich [] []
[2024-01-17T22:57:15.908732+00:00] logger.INFO: hauptseite zugriff erfolgreich [] []
[2024-01-17T22:57:19.828886+00:00] logger.INFO: anmelden erfolgreich [] []
[2024-01-17T22:57:19.882469+00:00] logger.INFO: hauptseite zugriff erfolgreich [] []
[2024-01-17T22:58:08.750018+00:00] logger.INFO: hauptseite zugriff erfolgreich [] []
[2024-01-17T22:58:10.135591+00:00] logger.INFO: abmelden erfolgreich [] []
[2024-01-17T22:58:10.152335+00:00] logger.INFO: hauptseite zugriff erfolgreich [] []
[2024-01-17T22:58:22.786975+00:00] logger.INFO: hauptseite zugriff erfolgreich [] []
[2024-01-17T22:58:33.445065+00:00] logger.INFO: anmelden erfolgreich [] []
[2024-01-17T22:58:33.487631+00:00] logger.INFO: hauptseite zugriff erfolgreich [] []
[2024-01-17T22:58:54.120668+00:00] logger.INFO: hauptseite zugriff erfolgreich [] []
[2024-01-17T22:59:17.575525+00:00] logger.INFO: hauptseite zugriff erfolgreich [] []
[2024-01-17T22:59:20.465903+00:00] logger.INFO: abmelden erfolgreich [] []
[2024-01-17T22:59:20.485575+00:00] logger.INFO: hauptseite zugriff erfolgreich [] []
[2024-01-17T22:59:25.291022+00:00] logger.INFO: hauptseite zugriff erfolgreich [] []
[2024-01-17T22:59:28.372180+00:00] logger.INFO: anmelden erfolgreich [] []
[2024-01-17T22:59:28.388785+00:00] logger.INFO: hauptseite zugriff erfolgreich [] []
[2024-01-17T22:59:55.079004+00:00] logger.INFO: hauptseite zugriff erfolgreich [] []
[2024-01-17T23:00:11.228228+00:00] logger.INFO: hauptseite zugriff erfolgreich [] []
[2024-01-17T23:00:13.483769+00:00] logger.INFO: abmelden erfolgreich [] []
[2024-01-17T23:00:13.522575+00:00] logger.INFO: hauptseite zugriff erfolgreich [] []
[2024-01-17T23:00:19.366942+00:00] logger.INFO: anmelden erfolgreich [] []
[2024-01-17T23:00:19.384964+00:00] logger.INFO: hauptseite zugriff erfolgreich [] []
[2024-01-17T23:00:24.752168+00:00] logger.INFO: hauptseite zugriff erfolgreich [] []
[2024-01-17T23:01:25.214848+00:00] logger.INFO: hauptseite zugriff erfolgreich [] []
[2024-01-17T23:01:28.129329+00:00] logger.INFO: abmelden erfolgreich [] []
[2024-01-17T23:01:28.159592+00:00] logger.INFO: hauptseite zugriff erfolgreich [] []
[2024-01-17T23:01:32.222558+00:00] logger.INFO: anmelden erfolgreich [] []
[2024-01-17T23:01:32.242591+00:00] logger.INFO: hauptseite zugriff erfolgreich [] []
[2024-01-17T23:01:34.216552+00:00] logger.INFO: hauptseite zugriff erfolgreich [] []
[2024-01-17T23:01:36.925345+00:00] logger.INFO: hauptseite zugriff erfolgreich [] []
[2024-01-17T23:01:37.783866+00:00] logger.INFO: abmelden erfolgreich [] []
[2024-01-17T23:01:37.818900+00:00] logger.INFO: hauptseite zugriff erfolgreich [] []
[2024-01-17T23:01:44.669788+00:00] logger.INFO: anmelden erfolgreich [] []
[2024-01-17T23:01:44.711272+00:00] logger.INFO: hauptseite zugriff erfolgreich [] []
[2024-01-17T23:01:50.651707+00:00] logger.INFO: hauptseite zugriff erfolgreich [] []
[2024-01-17T23:01:52.081969+00:00] logger.INFO: hauptseite zugriff erfolgreich [] []
[2024-01-17T23:01:53.577372+00:00] logger.INFO: hauptseite zugriff erfolgreich [] []
[2024-01-17T23:01:56.310712+00:00] logger.INFO: hauptseite zugriff erfolgreich [] []
[2024-01-17T23:01:58.451382+00:00] logger.INFO: hauptseite zugriff erfolgreich [] []
[2024-01-17T23:01:59.468471+00:00] logger.INFO: abmelden erfolgreich [] []
[2024-01-17T23:01:59.489977+00:00] logger.INFO: hauptseite zugriff erfolgreich [] []
[2024-01-17T23:02:02.267925+00:00] logger.INFO: anmelden erfolgreich [] []
[2024-01-17T23:02:02.302486+00:00] logger.INFO: hauptseite zugriff erfolgreich [] []
[2024-01-17T23:02:12.681012+00:00] logger.INFO: abmelden erfolgreich [] []
[2024-01-17T23:02:12.698568+00:00] logger.INFO: hauptseite zugriff erfolgreich [] []
[2024-01-17T23:02:15.789559+00:00] logger.WARNING: password oder email falsch  [] []
[2024-01-17T23:02:19.806957+00:00] logger.INFO: anmelden erfolgreich [] []
[2024-01-17T23:02:23.323934+00:00] logger.INFO: anmelden erfolgreich [] []
[2024-01-17T23:02:23.341488+00:00] logger.INFO: hauptseite zugriff erfolgreich [] []
[2024-01-17T23:02:31.605557+00:00] logger.INFO: anmelden erfolgreich [] []
[2024-01-17T23:02:31.622559+00:00] logger.INFO: hauptseite zugriff erfolgreich [] []
[2024-01-17T23:05:00.857321+00:00] logger.INFO: hauptseite zugriff erfolgreich [] []
[2024-01-17T23:05:03.845210+00:00] logger.INFO: hauptseite zugriff erfolgreich [] []
[2024-01-17T23:05:05.600654+00:00] logger.INFO: hauptseite zugriff erfolgreich [] []
[2024-01-17T23:11:55.601899+00:00] logger.INFO: abmelden erfolgreich [] []
[2024-01-17T23:11:55.619105+00:00] logger.INFO: hauptseite zugriff erfolgreich [] []
[2024-01-17T23:11:59.011905+00:00] logger.INFO: anmelden erfolgreich [] []
[2024-01-17T23:11:59.030848+00:00] logger.INFO: hauptseite zugriff erfolgreich [] []
[2024-01-17T23:12:05.712519+00:00] logger.INFO: hauptseite zugriff erfolgreich [] []
[2024-01-17T23:12:11.843986+00:00] logger.INFO: hauptseite zugriff erfolgreich [] []
[2024-01-17T23:12:16.604094+00:00] logger.INFO: hauptseite zugriff erfolgreich [] []
[2024-01-17T23:12:19.630593+00:00] logger.INFO: hauptseite zugriff erfolgreich [] []
[2024-01-17T23:16:41.881038+00:00] logger.INFO: abmelden erfolgreich [] []
[2024-01-17T23:16:41.900086+00:00] logger.INFO: hauptseite zugriff erfolgreich [] []
[2024-01-17T23:16:44.265259+00:00] logger.INFO: anmelden erfolgreich [] []
[2024-01-17T23:16:44.281240+00:00] logger.INFO: hauptseite zugriff erfolgreich [] []
[2024-01-17T23:16:46.273349+00:00] logger.INFO: hauptseite zugriff erfolgreich [] []
[2024-01-17T23:16:50.914568+00:00] logger.INFO: hauptseite zugriff erfolgreich [] []
[2024-01-17T23:16:59.675835+00:00] logger.INFO: hauptseite zugriff erfolgreich [] []
[2024-01-17T23:17:47.852658+00:00] logger.INFO: hauptseite zugriff erfolgreich [] []
[2024-01-17T23:17:49.198220+00:00] logger.INFO: abmelden erfolgreich [] []
[2024-01-17T23:17:49.216019+00:00] logger.INFO: hauptseite zugriff erfolgreich [] []
[2024-01-17T23:17:51.548283+00:00] logger.INFO: anmelden erfolgreich [] []
[2024-01-17T23:17:51.564633+00:00] logger.INFO: hauptseite zugriff erfolgreich [] []
[2024-01-17T23:18:01.767360+00:00] logger.INFO: hauptseite zugriff erfolgreich [] []
[2024-01-17T23:18:19.878869+00:00] logger.INFO: hauptseite zugriff erfolgreich [] []
[2024-01-17T23:18:24.504988+00:00] logger.INFO: hauptseite zugriff erfolgreich [] []
[2024-01-17T23:18:26.532103+00:00] logger.INFO: hauptseite zugriff erfolgreich [] []
[2024-01-17T23:18:30.477691+00:00] logger.INFO: hauptseite zugriff erfolgreich [] []
[2024-01-17T23:18:32.342601+00:00] logger.INFO: hauptseite zugriff erfolgreich [] []
[2024-01-17T23:18:33.898115+00:00] logger.INFO: hauptseite zugriff erfolgreich [] []
[2024-01-17T23:18:55.312374+00:00] logger.INFO: hauptseite zugriff erfolgreich [] []
[2024-01-17T23:18:56.245190+00:00] logger.INFO: hauptseite zugriff erfolgreich [] []
[2024-01-17T23:19:18.452609+00:00] logger.INFO: hauptseite zugriff erfolgreich [] []
[2024-01-17T23:19:28.279313+00:00] logger.INFO: hauptseite zugriff erfolgreich [] []
[2024-01-17T23:19:32.564501+00:00] logger.INFO: hauptseite zugriff erfolgreich [] []
[2024-01-17T23:19:37.537077+00:00] logger.INFO: hauptseite zugriff erfolgreich [] []
[2024-01-17T23:19:40.349688+00:00] logger.INFO: hauptseite zugriff erfolgreich [] []
[2024-01-17T23:19:41.766492+00:00] logger.INFO: hauptseite zugriff erfolgreich [] []
[2024-01-17T23:19:43.143227+00:00] logger.INFO: hauptseite zugriff erfolgreich [] []
[2024-01-17T23:20:00.375580+00:00] logger.INFO: hauptseite zugriff erfolgreich [] []
[2024-01-17T23:20:09.749864+00:00] logger.INFO: hauptseite zugriff erfolgreich [] []
[2024-01-17T23:20:11.919700+00:00] logger.INFO: hauptseite zugriff erfolgreich [] []
[2024-01-17T23:31:30.373072+00:00] logger.INFO: hauptseite zugriff erfolgreich [] []
[2024-01-17T23:31:45.557350+00:00] logger.INFO: abmelden erfolgreich [] []
[2024-01-17T23:31:45.581775+00:00] logger.INFO: hauptseite zugriff erfolgreich [] []
[2024-01-17T23:31:48.585519+00:00] logger.INFO: anmelden erfolgreich [] []
[2024-01-17T23:31:48.609100+00:00] logger.INFO: hauptseite zugriff erfolgreich [] []
[2024-01-17T23:31:50.721821+00:00] logger.INFO: hauptseite zugriff erfolgreich [] []
[2024-01-17T23:31:53.125773+00:00] logger.INFO: hauptseite zugriff erfolgreich [] []
[2024-01-17T23:31:54.781310+00:00] logger.INFO: hauptseite zugriff erfolgreich [] []
[2024-01-17T23:57:02.347032+00:00] logger.INFO: hauptseite zugriff erfolgreich [] []
[2024-01-17T23:57:04.853961+00:00] logger.INFO: abmelden erfolgreich [] []
[2024-01-17T23:57:04.878635+00:00] logger.INFO: hauptseite zugriff erfolgreich [] []
[2024-01-17T23:57:16.560556+00:00] logger.INFO: hauptseite zugriff erfolgreich [] []
[2024-01-17T23:57:27.834601+00:00] logger.INFO: anmelden erfolgreich [] []
[2024-01-17T23:57:27.860097+00:00] logger.INFO: hauptseite zugriff erfolgreich [] []
[2024-01-17T23:57:51.469415+00:00] logger.INFO: hauptseite zugriff erfolgreich [] []
[2024-01-17T23:57:59.545251+00:00] logger.INFO: hauptseite zugriff erfolgreich [] []
[2024-01-18T00:05:31.380378+00:00] logger.INFO: hauptseite zugriff erfolgreich [] []
[2024-01-18T00:05:33.341106+00:00] logger.INFO: abmelden erfolgreich [] []
[2024-01-18T00:05:33.372266+00:00] logger.INFO: hauptseite zugriff erfolgreich [] []
[2024-01-18T00:05:35.442599+00:00] logger.INFO: anmelden erfolgreich [] []
[2024-01-18T00:05:35.467159+00:00] logger.INFO: hauptseite zugriff erfolgreich [] []
[2024-01-18T00:07:31.674424+00:00] logger.INFO: hauptseite zugriff erfolgreich [] []
[2024-01-18T00:07:34.793653+00:00] logger.INFO: hauptseite zugriff erfolgreich [] []
[2024-01-18T00:07:36.392288+00:00] logger.INFO: hauptseite zugriff erfolgreich [] []
[2024-01-18T00:07:38.291990+00:00] logger.INFO: hauptseite zugriff erfolgreich [] []
[2024-01-18T00:08:03.866297+00:00] logger.INFO: hauptseite zugriff erfolgreich [] []
[2024-01-18T00:10:43.704085+00:00] logger.INFO: hauptseite zugriff erfolgreich [] []
[2024-01-18T00:10:45.427150+00:00] logger.INFO: abmelden erfolgreich [] []
[2024-01-18T00:10:45.452274+00:00] logger.INFO: hauptseite zugriff erfolgreich [] []
[2024-01-18T00:10:47.852300+00:00] logger.INFO: hauptseite zugriff erfolgreich [] []
[2024-01-18T00:10:50.076740+00:00] logger.INFO: hauptseite zugriff erfolgreich [] []
[2024-01-18T00:10:52.368449+00:00] logger.INFO: anmelden erfolgreich [] []
[2024-01-18T00:10:52.392163+00:00] logger.INFO: hauptseite zugriff erfolgreich [] []
[2024-01-18T00:14:12.687288+00:00] logger.INFO: hauptseite zugriff erfolgreich [] []
[2024-01-18T00:15:09.082248+00:00] logger.INFO: hauptseite zugriff erfolgreich [] []
[2024-01-18T00:16:45.867083+00:00] logger.INFO: hauptseite zugriff erfolgreich [] []
[2024-01-18T00:17:45.085607+00:00] logger.INFO: hauptseite zugriff erfolgreich [] []
[2024-01-18T00:25:51.566397+00:00] logger.INFO: hauptseite zugriff erfolgreich [] []
[2024-01-18T00:25:53.274967+00:00] logger.INFO: abmelden erfolgreich [] []
[2024-01-18T00:25:53.332543+00:00] logger.INFO: hauptseite zugriff erfolgreich [] []
[2024-01-18T00:25:55.654462+00:00] logger.INFO: anmelden erfolgreich [] []
[2024-01-18T00:25:55.684766+00:00] logger.INFO: hauptseite zugriff erfolgreich [] []
[2024-01-18T00:27:35.123693+00:00] logger.INFO: hauptseite zugriff erfolgreich [] []
[2024-01-18T00:27:40.482054+00:00] logger.INFO: hauptseite zugriff erfolgreich [] []
[2024-01-18T00:27:53.767452+00:00] logger.INFO: hauptseite zugriff erfolgreich [] []
[2024-01-18T00:27:56.219174+00:00] logger.INFO: hauptseite zugriff erfolgreich [] []
[2024-01-18T00:27:59.333843+00:00] logger.INFO: hauptseite zugriff erfolgreich [] []
[2024-01-18T00:32:11.608282+00:00] logger.INFO: hauptseite zugriff erfolgreich [] []
[2024-01-18T00:32:13.252959+00:00] logger.INFO: hauptseite zugriff erfolgreich [] []
[2024-01-18T00:32:15.041048+00:00] logger.INFO: hauptseite zugriff erfolgreich [] []
[2024-01-18T00:32:16.827398+00:00] logger.INFO: hauptseite zugriff erfolgreich [] []
[2024-01-18T00:32:20.087690+00:00] logger.INFO: hauptseite zugriff erfolgreich [] []
[2024-01-18T00:37:00.383240+00:00] logger.INFO: hauptseite zugriff erfolgreich [] []
[2024-01-18T00:37:38.851276+00:00] logger.INFO: hauptseite zugriff erfolgreich [] []
[2024-01-18T00:40:42.521156+00:00] logger.INFO: hauptseite zugriff erfolgreich [] []
[2024-01-18T00:40:44.752198+00:00] logger.INFO: abmelden erfolgreich [] []
[2024-01-18T00:40:44.781049+00:00] logger.INFO: hauptseite zugriff erfolgreich [] []
[2024-01-18T00:40:47.550843+00:00] logger.INFO: anmelden erfolgreich [] []
[2024-01-18T00:40:47.575690+00:00] logger.INFO: hauptseite zugriff erfolgreich [] []
[2024-01-18T00:41:04.258751+00:00] logger.INFO: hauptseite zugriff erfolgreich [] []
[2024-01-18T00:41:06.790197+00:00] logger.INFO: hauptseite zugriff erfolgreich [] []
[2024-01-18T00:41:09.971583+00:00] logger.INFO: hauptseite zugriff erfolgreich [] []
[2024-01-18T00:41:13.808193+00:00] logger.INFO: hauptseite zugriff erfolgreich [] []
[2024-01-18T00:41:15.981422+00:00] logger.INFO: hauptseite zugriff erfolgreich [] []
[2024-01-18T00:42:01.767038+00:00] logger.INFO: hauptseite zugriff erfolgreich [] []
[2024-01-18T00:42:03.538486+00:00] logger.INFO: hauptseite zugriff erfolgreich [] []
[2024-01-18T00:43:52.281801+00:00] logger.INFO: hauptseite zugriff erfolgreich [] []
[2024-01-18T00:43:54.052217+00:00] logger.INFO: abmelden erfolgreich [] []
[2024-01-18T00:43:54.092195+00:00] logger.INFO: hauptseite zugriff erfolgreich [] []
[2024-01-18T00:43:56.425104+00:00] logger.INFO: anmelden erfolgreich [] []
[2024-01-18T00:43:56.450552+00:00] logger.INFO: hauptseite zugriff erfolgreich [] []
[2024-01-18T00:44:01.504766+00:00] logger.INFO: hauptseite zugriff erfolgreich [] []
[2024-01-18T00:44:03.558896+00:00] logger.INFO: hauptseite zugriff erfolgreich [] []
[2024-01-18T00:44:14.250627+00:00] logger.INFO: hauptseite zugriff erfolgreich [] []
[2024-01-18T00:44:19.528163+00:00] logger.INFO: hauptseite zugriff erfolgreich [] []
[2024-01-18T00:45:57.024890+00:00] logger.INFO: hauptseite zugriff erfolgreich [] []
[2024-01-18T00:46:07.594449+00:00] logger.INFO: hauptseite zugriff erfolgreich [] []
[2024-01-18T00:46:16.415401+00:00] logger.INFO: hauptseite zugriff erfolgreich [] []
[2024-01-18T00:46:59.994027+00:00] logger.INFO: hauptseite zugriff erfolgreich [] []
[2024-01-18T00:47:49.299829+00:00] logger.INFO: hauptseite zugriff erfolgreich [] []
[2024-01-18T00:47:57.369548+00:00] logger.INFO: hauptseite zugriff erfolgreich [] []
[2024-01-18T00:48:00.347204+00:00] logger.INFO: hauptseite zugriff erfolgreich [] []
[2024-01-18T00:48:01.997540+00:00] logger.INFO: hauptseite zugriff erfolgreich [] []
[2024-01-18T00:48:05.784055+00:00] logger.INFO: hauptseite zugriff erfolgreich [] []
[2024-01-18T00:48:08.461266+00:00] logger.INFO: hauptseite zugriff erfolgreich [] []
[2024-01-18T00:48:18.075063+00:00] logger.INFO: hauptseite zugriff erfolgreich [] []
[2024-01-18T00:48:20.205971+00:00] logger.INFO: hauptseite zugriff erfolgreich [] []
[2024-01-18T00:48:27.222595+00:00] logger.INFO: hauptseite zugriff erfolgreich [] []
[2024-01-18T00:48:43.674702+00:00] logger.INFO: hauptseite zugriff erfolgreich [] []
[2024-01-18T00:48:48.846170+00:00] logger.INFO: hauptseite zugriff erfolgreich [] []
[2024-01-18T00:48:51.740995+00:00] logger.INFO: hauptseite zugriff erfolgreich [] []
[2024-01-18T00:48:54.546909+00:00] logger.INFO: hauptseite zugriff erfolgreich [] []
[2024-01-18T00:48:57.463893+00:00] logger.INFO: hauptseite zugriff erfolgreich [] []
[2024-01-18T00:49:00.139272+00:00] logger.INFO: hauptseite zugriff erfolgreich [] []
[2024-01-18T00:49:08.781715+00:00] logger.INFO: hauptseite zugriff erfolgreich [] []
[2024-01-18T00:57:29.849818+00:00] logger.INFO: hauptseite zugriff erfolgreich [] []
[2024-01-18T00:57:32.379239+00:00] logger.INFO: hauptseite zugriff erfolgreich [] []
[2024-01-18T19:53:10.377538+00:00] logger.INFO: hauptseite zugriff erfolgreich [] []
[2024-01-18T19:53:12.359403+00:00] logger.INFO: abmelden erfolgreich [] []
[2024-01-18T19:53:12.439323+00:00] logger.INFO: hauptseite zugriff erfolgreich [] []
[2024-01-18T19:53:15.069228+00:00] logger.INFO: anmelden erfolgreich [] []
[2024-01-18T19:53:15.109834+00:00] logger.INFO: hauptseite zugriff erfolgreich [] []
[2024-01-18T19:53:16.760868+00:00] logger.INFO: abmelden erfolgreich [] []
[2024-01-18T19:53:16.824198+00:00] logger.INFO: hauptseite zugriff erfolgreich [] []
[2024-01-18T19:53:23.260838+00:00] logger.INFO: anmelden erfolgreich [] []
[2024-01-18T19:53:23.325474+00:00] logger.INFO: hauptseite zugriff erfolgreich [] []
[2024-01-18T19:53:26.848632+00:00] logger.INFO: hauptseite zugriff erfolgreich [] []
[2024-01-18T19:53:28.972454+00:00] logger.INFO: hauptseite zugriff erfolgreich [] []
[2024-01-18T19:53:34.624385+00:00] logger.INFO: hauptseite zugriff erfolgreich [] []
[2024-01-18T19:53:44.602529+00:00] logger.INFO: hauptseite zugriff erfolgreich [] []
[2024-01-18T19:53:50.194790+00:00] logger.INFO: hauptseite zugriff erfolgreich [] []
[2024-01-18T19:53:57.671396+00:00] logger.INFO: hauptseite zugriff erfolgreich [] []
[2024-01-18T19:54:01.250907+00:00] logger.INFO: hauptseite zugriff erfolgreich [] []
[2024-01-18T19:54:05.224743+00:00] logger.INFO: hauptseite zugriff erfolgreich [] []
[2024-01-18T20:30:28.806290+00:00] logger.INFO: hauptseite zugriff erfolgreich [] []
[2024-01-18T20:30:56.774372+00:00] logger.INFO: hauptseite zugriff erfolgreich [] []
[2024-01-18T20:31:37.243511+00:00] logger.INFO: hauptseite zugriff erfolgreich [] []
[2024-01-18T20:31:39.579504+00:00] logger.INFO: hauptseite zugriff erfolgreich [] []
[2024-01-18T20:31:40.099567+00:00] logger.INFO: hauptseite zugriff erfolgreich [] []
[2024-01-18T20:31:40.539692+00:00] logger.INFO: hauptseite zugriff erfolgreich [] []
[2024-01-18T20:31:41.139348+00:00] logger.INFO: hauptseite zugriff erfolgreich [] []
[2024-01-18T20:31:41.619015+00:00] logger.INFO: hauptseite zugriff erfolgreich [] []
[2024-01-18T20:31:42.316290+00:00] logger.INFO: hauptseite zugriff erfolgreich [] []
[2024-01-18T20:31:49.257008+00:00] logger.INFO: hauptseite zugriff erfolgreich [] []
[2024-01-18T20:32:19.718084+00:00] logger.INFO: hauptseite zugriff erfolgreich [] []
[2024-01-18T20:36:41.571084+00:00] logger.INFO: hauptseite zugriff erfolgreich [] []
[2024-01-18T20:37:18.961775+00:00] logger.INFO: hauptseite zugriff erfolgreich [] []
[2024-01-18T20:39:07.212212+00:00] logger.INFO: hauptseite zugriff erfolgreich [] []
[2024-01-18T20:39:21.142312+00:00] logger.INFO: hauptseite zugriff erfolgreich [] []
[2024-01-18T20:44:22.790860+00:00] logger.INFO: hauptseite zugriff erfolgreich [] []
[2024-01-18T20:46:35.659927+00:00] logger.INFO: hauptseite zugriff erfolgreich [] []
[2024-01-18T20:48:48.963630+00:00] logger.INFO: hauptseite zugriff erfolgreich [] []
[2024-01-18T20:49:57.723095+00:00] logger.INFO: hauptseite zugriff erfolgreich [] []
[2024-01-18T20:50:14.074791+00:00] logger.INFO: hauptseite zugriff erfolgreich [] []
[2024-01-18T20:51:54.570552+00:00] logger.INFO: hauptseite zugriff erfolgreich [] []
[2024-01-18T20:51:55.980658+00:00] logger.INFO: hauptseite zugriff erfolgreich [] []
[2024-01-18T20:52:19.770893+00:00] logger.INFO: hauptseite zugriff erfolgreich [] []
[2024-01-18T20:52:20.389033+00:00] logger.INFO: hauptseite zugriff erfolgreich [] []
[2024-01-18T20:52:20.916854+00:00] logger.INFO: hauptseite zugriff erfolgreich [] []
[2024-01-18T20:52:21.410624+00:00] logger.INFO: hauptseite zugriff erfolgreich [] []
[2024-01-18T20:52:21.749469+00:00] logger.INFO: hauptseite zugriff erfolgreich [] []
[2024-01-18T20:52:36.352760+00:00] logger.INFO: hauptseite zugriff erfolgreich [] []
[2024-01-18T20:52:41.502998+00:00] logger.INFO: hauptseite zugriff erfolgreich [] []
[2024-01-18T20:52:42.107034+00:00] logger.INFO: hauptseite zugriff erfolgreich [] []
[2024-01-18T20:53:03.269008+00:00] logger.INFO: hauptseite zugriff erfolgreich [] []
[2024-01-18T20:54:15.518535+00:00] logger.INFO: hauptseite zugriff erfolgreich [] []
[2024-01-18T20:54:16.518413+00:00] logger.INFO: hauptseite zugriff erfolgreich [] []
[2024-01-18T20:54:17.090062+00:00] logger.INFO: hauptseite zugriff erfolgreich [] []
[2024-01-18T20:55:18.598931+00:00] logger.INFO: hauptseite zugriff erfolgreich [] []
[2024-01-18T20:56:09.294465+00:00] logger.INFO: hauptseite zugriff erfolgreich [] []
[2024-01-18T20:56:19.450715+00:00] logger.INFO: hauptseite zugriff erfolgreich [] []
[2024-01-18T20:56:20.105142+00:00] logger.INFO: hauptseite zugriff erfolgreich [] []
[2024-01-18T20:56:20.479981+00:00] logger.INFO: hauptseite zugriff erfolgreich [] []
[2024-01-18T20:56:38.018726+00:00] logger.INFO: hauptseite zugriff erfolgreich [] []
[2024-01-18T21:04:59.337224+00:00] logger.INFO: hauptseite zugriff erfolgreich [] []
[2024-01-18T21:06:38.512781+00:00] logger.INFO: hauptseite zugriff erfolgreich [] []
[2024-01-18T21:13:36.165485+00:00] logger.INFO: hauptseite zugriff erfolgreich [] []
[2024-01-18T21:14:00.423179+00:00] logger.INFO: hauptseite zugriff erfolgreich [] []
[2024-01-18T21:15:10.774048+00:00] logger.INFO: hauptseite zugriff erfolgreich [] []
[2024-01-18T21:15:16.686396+00:00] logger.INFO: hauptseite zugriff erfolgreich [] []
[2024-01-18T21:15:52.735994+00:00] logger.INFO: hauptseite zugriff erfolgreich [] []
[2024-01-18T21:16:25.336226+00:00] logger.INFO: hauptseite zugriff erfolgreich [] []
[2024-01-18T21:16:53.938483+00:00] logger.INFO: abmelden erfolgreich [] []
[2024-01-18T21:16:53.980249+00:00] logger.INFO: hauptseite zugriff erfolgreich [] []
[2024-01-18T21:23:10.318574+00:00] logger.INFO: hauptseite zugriff erfolgreich [] []
[2024-01-18T21:23:13.033956+00:00] logger.INFO: anmelden erfolgreich [] []
[2024-01-18T21:23:13.097065+00:00] logger.INFO: hauptseite zugriff erfolgreich [] []
[2024-01-18T21:31:21.598826+00:00] logger.INFO: hauptseite zugriff erfolgreich [] []
[2024-01-18T21:31:56.815956+00:00] logger.INFO: hauptseite zugriff erfolgreich [] []
[2024-01-18T21:37:14.228891+00:00] logger.INFO: hauptseite zugriff erfolgreich [] []
[2024-01-18T21:37:15.704650+00:00] logger.INFO: hauptseite zugriff erfolgreich [] []
[2024-01-18T21:42:22.722827+00:00] logger.INFO: hauptseite zugriff erfolgreich [] []
[2024-01-18T21:42:41.218802+00:00] logger.INFO: hauptseite zugriff erfolgreich [] []
[2024-01-18T21:42:56.515476+00:00] logger.INFO: hauptseite zugriff erfolgreich [] []
[2024-01-18T21:43:07.049922+00:00] logger.INFO: hauptseite zugriff erfolgreich [] []
[2024-01-18T21:45:24.562092+00:00] logger.INFO: hauptseite zugriff erfolgreich [] []
[2024-01-18T21:45:31.250546+00:00] logger.INFO: hauptseite zugriff erfolgreich [] []
[2024-01-18T21:45:54.588832+00:00] logger.INFO: hauptseite zugriff erfolgreich [] []
[2024-01-18T21:46:06.669885+00:00] logger.INFO: hauptseite zugriff erfolgreich [] []
[2024-01-21T21:46:50.869671+00:00] logger.INFO: hauptseite zugriff erfolgreich [] []
[2024-01-21T21:50:57.643811+00:00] logger.INFO: hauptseite zugriff erfolgreich [] []
[2024-01-21T21:51:30.731763+00:00] logger.INFO: hauptseite zugriff erfolgreich [] []
[2024-01-23T20:05:52.779061+00:00] logger.INFO: hauptseite zugriff erfolgreich [] []
[2024-01-23T20:05:54.758498+00:00] logger.INFO: abmelden erfolgreich [] []
[2024-01-23T20:05:54.820376+00:00] logger.INFO: hauptseite zugriff erfolgreich [] []
[2024-01-23T20:05:59.154073+00:00] logger.INFO: anmelden erfolgreich [] []
[2024-01-23T20:05:59.280240+00:00] logger.INFO: hauptseite zugriff erfolgreich [] []
[2024-01-23T20:34:58.691589+00:00] logger.INFO: hauptseite zugriff erfolgreich [] []
[2024-01-23T20:46:52.239830+00:00] logger.INFO: hauptseite zugriff erfolgreich [] []
[2024-01-23T20:48:30.382979+00:00] logger.INFO: hauptseite zugriff erfolgreich [] []
[2024-01-23T20:48:49.357455+00:00] logger.INFO: hauptseite zugriff erfolgreich [] []
[2024-01-23T20:57:46.274557+00:00] logger.INFO: hauptseite zugriff erfolgreich [] []
[2024-01-23T20:58:38.566690+00:00] logger.INFO: hauptseite zugriff erfolgreich [] []
[2024-01-23T21:11:12.920524+00:00] logger.INFO: hauptseite zugriff erfolgreich [] []
[2024-01-23T21:11:16.940248+00:00] logger.INFO: hauptseite zugriff erfolgreich [] []
[2024-01-23T21:11:48.329030+00:00] logger.INFO: hauptseite zugriff erfolgreich [] []
[2024-01-23T21:22:15.146179+00:00] logger.INFO: hauptseite zugriff erfolgreich [] []
[2024-01-23T21:22:34.706500+00:00] logger.INFO: hauptseite zugriff erfolgreich [] []
[2024-01-23T21:22:36.065010+00:00] logger.INFO: hauptseite zugriff erfolgreich [] []
[2024-01-23T21:22:39.065479+00:00] logger.INFO: hauptseite zugriff erfolgreich [] []
[2024-01-23T21:22:42.436364+00:00] logger.INFO: hauptseite zugriff erfolgreich [] []
[2024-01-23T21:22:50.092369+00:00] logger.INFO: hauptseite zugriff erfolgreich [] []
[2024-01-23T21:24:11.891904+00:00] logger.INFO: hauptseite zugriff erfolgreich [] []
[2024-01-23T21:59:24.401517+00:00] logger.INFO: hauptseite zugriff erfolgreich [] []
[2024-01-23T22:02:53.376340+00:00] logger.INFO: hauptseite zugriff erfolgreich [] []
[2024-01-23T22:02:55.006715+00:00] logger.INFO: hauptseite zugriff erfolgreich [] []
[2024-01-23T22:05:31.451040+00:00] logger.INFO: hauptseite zugriff erfolgreich [] []
[2024-01-23T22:08:06.540717+00:00] logger.INFO: hauptseite zugriff erfolgreich [] []
[2024-01-23T22:10:20.178194+00:00] logger.INFO: hauptseite zugriff erfolgreich [] []
[2024-01-23T22:10:23.177803+00:00] logger.INFO: hauptseite zugriff erfolgreich [] []
[2024-01-23T22:10:30.561029+00:00] logger.INFO: hauptseite zugriff erfolgreich [] []
[2024-01-23T22:10:31.754572+00:00] logger.INFO: hauptseite zugriff erfolgreich [] []
[2024-01-23T22:10:35.050373+00:00] logger.INFO: hauptseite zugriff erfolgreich [] []
[2024-01-23T22:14:10.579652+00:00] logger.INFO: hauptseite zugriff erfolgreich [] []
[2024-01-23T22:20:02.773698+00:00] logger.INFO: hauptseite zugriff erfolgreich [] []
[2024-01-23T22:20:09.913322+00:00] logger.INFO: hauptseite zugriff erfolgreich [] []
[2024-01-23T22:20:14.215493+00:00] logger.INFO: hauptseite zugriff erfolgreich [] []
[2024-01-23T22:20:17.960041+00:00] logger.INFO: hauptseite zugriff erfolgreich [] []
[2024-01-23T22:20:20.997075+00:00] logger.INFO: hauptseite zugriff erfolgreich [] []
[2024-01-23T22:20:24.998598+00:00] logger.INFO: hauptseite zugriff erfolgreich [] []
[2024-01-23T22:25:35.392906+00:00] logger.INFO: hauptseite zugriff erfolgreich [] []
[2024-01-23T22:26:48.974594+00:00] logger.INFO: hauptseite zugriff erfolgreich [] []
[2024-01-23T22:26:53.263972+00:00] logger.INFO: hauptseite zugriff erfolgreich [] []
[2024-01-23T22:27:30.833598+00:00] logger.INFO: hauptseite zugriff erfolgreich [] []
[2024-01-23T22:27:34.883992+00:00] logger.INFO: hauptseite zugriff erfolgreich [] []
[2024-01-23T22:32:00.854911+00:00] logger.INFO: hauptseite zugriff erfolgreich [] []
[2024-01-23T22:40:31.658699+00:00] logger.INFO: hauptseite zugriff erfolgreich [] []
[2024-01-23T22:40:38.161577+00:00] logger.INFO: hauptseite zugriff erfolgreich [] []
[2024-01-23T22:44:35.709161+00:00] logger.INFO: hauptseite zugriff erfolgreich [] []
[2024-01-23T23:15:51.996584+00:00] logger.INFO: hauptseite zugriff erfolgreich [] []
[2024-01-23T23:15:59.705140+00:00] logger.INFO: hauptseite zugriff erfolgreich [] []
[2024-01-23T23:16:02.902792+00:00] logger.INFO: hauptseite zugriff erfolgreich [] []
[2024-01-23T23:24:45.534799+00:00] logger.INFO: hauptseite zugriff erfolgreich [] []
[2024-01-23T23:25:41.257768+00:00] logger.INFO: hauptseite zugriff erfolgreich [] []
[2024-01-23T23:25:44.787327+00:00] logger.INFO: hauptseite zugriff erfolgreich [] []
[2024-01-23T23:25:55.535215+00:00] logger.INFO: hauptseite zugriff erfolgreich [] []
[2024-01-23T23:26:16.286046+00:00] logger.INFO: hauptseite zugriff erfolgreich [] []
[2024-01-23T23:26:23.762479+00:00] logger.INFO: hauptseite zugriff erfolgreich [] []
[2024-01-23T23:26:31.229672+00:00] logger.INFO: hauptseite zugriff erfolgreich [] []
[2024-01-23T23:26:40.571732+00:00] logger.INFO: hauptseite zugriff erfolgreich [] []
[2024-01-23T23:26:42.774460+00:00] logger.INFO: hauptseite zugriff erfolgreich [] []
[2024-01-23T23:27:07.278320+00:00] logger.INFO: hauptseite zugriff erfolgreich [] []
[2024-01-23T23:27:11.465797+00:00] logger.INFO: hauptseite zugriff erfolgreich [] []
[2024-01-23T23:27:43.464869+00:00] logger.INFO: hauptseite zugriff erfolgreich [] []
[2024-01-23T23:27:46.840808+00:00] logger.INFO: hauptseite zugriff erfolgreich [] []
[2024-01-23T23:27:53.115270+00:00] logger.INFO: hauptseite zugriff erfolgreich [] []
[2024-01-23T23:29:47.967544+00:00] logger.INFO: hauptseite zugriff erfolgreich [] []
[2024-01-23T23:35:30.009330+00:00] logger.INFO: hauptseite zugriff erfolgreich [] []
[2024-01-23T23:36:01.447041+00:00] logger.INFO: hauptseite zugriff erfolgreich [] []
[2024-01-23T23:36:04.000475+00:00] logger.INFO: hauptseite zugriff erfolgreich [] []
[2024-01-23T23:41:19.608485+00:00] logger.INFO: hauptseite zugriff erfolgreich [] []
[2024-01-23T23:41:26.612136+00:00] logger.INFO: hauptseite zugriff erfolgreich [] []
[2024-01-23T23:41:34.982091+00:00] logger.INFO: hauptseite zugriff erfolgreich [] []
[2024-01-23T23:41:42.231392+00:00] logger.INFO: hauptseite zugriff erfolgreich [] []
[2024-01-23T23:41:43.832897+00:00] logger.INFO: hauptseite zugriff erfolgreich [] []
[2024-01-23T23:41:48.269149+00:00] logger.INFO: hauptseite zugriff erfolgreich [] []
[2024-01-23T23:41:55.709373+00:00] logger.INFO: hauptseite zugriff erfolgreich [] []
[2024-01-23T23:42:19.221935+00:00] logger.INFO: hauptseite zugriff erfolgreich [] []
[2024-01-23T23:42:23.223491+00:00] logger.INFO: hauptseite zugriff erfolgreich [] []
[2024-01-23T23:42:30.085011+00:00] logger.INFO: hauptseite zugriff erfolgreich [] []
[2024-01-23T23:49:53.347545+00:00] logger.INFO: hauptseite zugriff erfolgreich [] []
[2024-01-23T23:51:19.046243+00:00] logger.INFO: hauptseite zugriff erfolgreich [] []
[2024-01-23T23:51:22.195106+00:00] logger.INFO: hauptseite zugriff erfolgreich [] []
[2024-01-23T23:51:31.073934+00:00] logger.INFO: hauptseite zugriff erfolgreich [] []
[2024-01-23T23:52:22.229156+00:00] logger.INFO: hauptseite zugriff erfolgreich [] []
[2024-01-23T23:52:25.238924+00:00] logger.INFO: hauptseite zugriff erfolgreich [] []
[2024-01-23T23:52:44.811673+00:00] logger.INFO: hauptseite zugriff erfolgreich [] []
[2024-01-23T23:56:19.192821+00:00] logger.INFO: hauptseite zugriff erfolgreich [] []
[2024-01-23T23:56:26.017401+00:00] logger.INFO: hauptseite zugriff erfolgreich [] []
[2024-01-23T23:56:30.473031+00:00] logger.INFO: hauptseite zugriff erfolgreich [] []
[2024-01-23T23:56:45.290674+00:00] logger.INFO: hauptseite zugriff erfolgreich [] []
[2024-01-23T23:57:02.002854+00:00] logger.INFO: hauptseite zugriff erfolgreich [] []
[2024-01-23T23:57:05.077210+00:00] logger.INFO: hauptseite zugriff erfolgreich [] []
[2024-01-23T23:58:05.669434+00:00] logger.INFO: hauptseite zugriff erfolgreich [] []
[2024-01-23T23:58:09.200380+00:00] logger.INFO: hauptseite zugriff erfolgreich [] []
[2024-01-23T23:58:29.613638+00:00] logger.INFO: hauptseite zugriff erfolgreich [] []
[2024-01-23T23:58:32.385132+00:00] logger.INFO: hauptseite zugriff erfolgreich [] []
[2024-01-23T23:59:51.249588+00:00] logger.INFO: hauptseite zugriff erfolgreich [] []
[2024-01-23T23:59:54.078013+00:00] logger.INFO: hauptseite zugriff erfolgreich [] []
[2024-01-24T00:00:02.623334+00:00] logger.INFO: hauptseite zugriff erfolgreich [] []
[2024-01-24T00:00:05.224393+00:00] logger.INFO: hauptseite zugriff erfolgreich [] []
[2024-01-24T00:01:27.637164+00:00] logger.INFO: hauptseite zugriff erfolgreich [] []
[2024-01-24T00:01:33.936423+00:00] logger.INFO: hauptseite zugriff erfolgreich [] []
[2024-01-24T00:01:36.504560+00:00] logger.INFO: hauptseite zugriff erfolgreich [] []
[2024-01-24T00:01:43.396950+00:00] logger.INFO: hauptseite zugriff erfolgreich [] []
[2024-01-24T00:01:45.272882+00:00] logger.INFO: hauptseite zugriff erfolgreich [] []
[2024-01-24T00:01:51.479772+00:00] logger.INFO: hauptseite zugriff erfolgreich [] []
[2024-01-24T00:02:22.372023+00:00] logger.INFO: hauptseite zugriff erfolgreich [] []
[2024-01-24T00:02:26.301762+00:00] logger.INFO: hauptseite zugriff erfolgreich [] []
[2024-01-24T00:02:31.353129+00:00] logger.INFO: hauptseite zugriff erfolgreich [] []
[2024-01-24T00:04:49.543725+00:00] logger.INFO: hauptseite zugriff erfolgreich [] []
[2024-01-24T00:10:07.298427+00:00] logger.INFO: hauptseite zugriff erfolgreich [] []
[2024-01-24T00:10:11.979222+00:00] logger.INFO: hauptseite zugriff erfolgreich [] []
[2024-01-24T00:10:15.679321+00:00] logger.INFO: hauptseite zugriff erfolgreich [] []
[2024-01-24T00:10:17.875653+00:00] logger.INFO: hauptseite zugriff erfolgreich [] []
[2024-01-24T00:10:33.696713+00:00] logger.INFO: hauptseite zugriff erfolgreich [] []
[2024-01-24T00:10:41.264634+00:00] logger.INFO: hauptseite zugriff erfolgreich [] []
[2024-01-24T00:10:46.542177+00:00] logger.INFO: hauptseite zugriff erfolgreich [] []
[2024-01-24T00:11:05.209375+00:00] logger.INFO: hauptseite zugriff erfolgreich [] []
[2024-01-24T00:11:40.425205+00:00] logger.INFO: hauptseite zugriff erfolgreich [] []
[2024-01-24T00:11:52.649690+00:00] logger.INFO: hauptseite zugriff erfolgreich [] []
[2024-01-24T00:11:55.306990+00:00] logger.INFO: hauptseite zugriff erfolgreich [] []
[2024-01-24T00:11:59.951399+00:00] logger.INFO: hauptseite zugriff erfolgreich [] []
[2024-01-24T00:12:03.866341+00:00] logger.INFO: hauptseite zugriff erfolgreich [] []
[2024-01-24T00:18:52.006628+00:00] logger.INFO: hauptseite zugriff erfolgreich [] []
[2024-01-24T00:19:00.430093+00:00] logger.INFO: hauptseite zugriff erfolgreich [] []
[2024-01-24T00:19:04.263411+00:00] logger.INFO: hauptseite zugriff erfolgreich [] []
[2024-01-24T00:19:44.799138+00:00] logger.INFO: hauptseite zugriff erfolgreich [] []
[2024-01-24T00:22:19.297565+00:00] logger.INFO: hauptseite zugriff erfolgreich [] []
[2024-01-24T00:22:26.295303+00:00] logger.INFO: hauptseite zugriff erfolgreich [] []
[2024-01-24T00:22:32.234242+00:00] logger.INFO: hauptseite zugriff erfolgreich [] []
[2024-01-24T00:22:39.411126+00:00] logger.INFO: hauptseite zugriff erfolgreich [] []
[2024-01-24T13:09:36.254108+00:00] logger.INFO: hauptseite zugriff erfolgreich [] []
[2024-01-24T13:09:38.665488+00:00] logger.INFO: abmelden erfolgreich [] []
[2024-01-24T13:09:38.740151+00:00] logger.INFO: hauptseite zugriff erfolgreich [] []
[2024-01-24T13:09:53.538498+00:00] logger.INFO: anmelden erfolgreich [] []
[2024-01-24T13:09:53.617755+00:00] logger.INFO: hauptseite zugriff erfolgreich [] []
[2024-01-24T13:10:02.513487+00:00] logger.INFO: hauptseite zugriff erfolgreich [] []
[2024-01-24T13:10:05.802999+00:00] logger.INFO: hauptseite zugriff erfolgreich [] []
[2024-01-24T13:10:07.503359+00:00] logger.INFO: abmelden erfolgreich [] []
[2024-01-24T13:10:07.579242+00:00] logger.INFO: hauptseite zugriff erfolgreich [] []
[2024-01-24T13:10:14.355213+00:00] logger.INFO: anmelden erfolgreich [] []
[2024-01-24T13:10:14.443925+00:00] logger.INFO: hauptseite zugriff erfolgreich [] []
[2024-01-24T13:12:12.931113+00:00] logger.INFO: hauptseite zugriff erfolgreich [] []
[2024-01-24T13:12:42.265629+00:00] logger.INFO: hauptseite zugriff erfolgreich [] []
[2024-01-24T13:13:10.495418+00:00] logger.INFO: hauptseite zugriff erfolgreich [] []
[2024-01-24T13:13:16.501339+00:00] logger.INFO: hauptseite zugriff erfolgreich [] []
[2024-01-24T13:13:20.747251+00:00] logger.INFO: hauptseite zugriff erfolgreich [] []
[2024-01-24T13:13:36.731611+00:00] logger.INFO: hauptseite zugriff erfolgreich [] []
[2024-01-24T13:13:41.678803+00:00] logger.INFO: hauptseite zugriff erfolgreich [] []
[2024-01-24T13:13:54.128740+00:00] logger.INFO: hauptseite zugriff erfolgreich [] []
[2024-01-24T13:18:25.880198+00:00] logger.INFO: hauptseite zugriff erfolgreich [] []
[2024-01-24T13:18:27.505495+00:00] logger.INFO: abmelden erfolgreich [] []
[2024-01-24T13:18:27.598079+00:00] logger.INFO: hauptseite zugriff erfolgreich [] []
[2024-01-24T13:18:35.456146+00:00] logger.INFO: anmelden erfolgreich [] []
[2024-01-24T13:18:35.550092+00:00] logger.INFO: hauptseite zugriff erfolgreich [] []
[2024-01-24T13:21:37.409056+00:00] logger.INFO: hauptseite zugriff erfolgreich [] []
[2024-01-24T13:21:48.790665+00:00] logger.INFO: hauptseite zugriff erfolgreich [] []
[2024-01-24T13:21:54.191179+00:00] logger.INFO: hauptseite zugriff erfolgreich [] []
[2024-01-24T13:22:03.524909+00:00] logger.INFO: hauptseite zugriff erfolgreich [] []
[2024-01-24T13:22:11.587258+00:00] logger.INFO: hauptseite zugriff erfolgreich [] []
[2024-01-24T13:22:24.164391+00:00] logger.INFO: hauptseite zugriff erfolgreich [] []
[2024-01-24T13:22:33.215859+00:00] logger.INFO: hauptseite zugriff erfolgreich [] []
[2024-01-24T13:22:41.428839+00:00] logger.INFO: hauptseite zugriff erfolgreich [] []
[2024-01-24T13:23:01.386524+00:00] logger.INFO: hauptseite zugriff erfolgreich [] []
[2024-01-24T13:37:30.131673+00:00] logger.INFO: hauptseite zugriff erfolgreich [] []
[2024-01-24T13:38:05.976982+00:00] logger.INFO: hauptseite zugriff erfolgreich [] []
[2024-01-24T13:38:06.959701+00:00] logger.INFO: abmelden erfolgreich [] []
[2024-01-24T13:38:07.055600+00:00] logger.INFO: hauptseite zugriff erfolgreich [] []
[2024-01-24T13:38:13.833553+00:00] logger.INFO: anmelden erfolgreich [] []
[2024-01-24T13:38:13.907234+00:00] logger.INFO: hauptseite zugriff erfolgreich [] []
[2024-01-24T13:38:24.033563+00:00] logger.INFO: hauptseite zugriff erfolgreich [] []
[2024-01-24T13:38:26.079584+00:00] logger.INFO: abmelden erfolgreich [] []
[2024-01-24T13:38:26.158392+00:00] logger.INFO: hauptseite zugriff erfolgreich [] []
[2024-01-24T13:38:33.739429+00:00] logger.INFO: anmelden erfolgreich [] []
[2024-01-24T13:38:33.831111+00:00] logger.INFO: hauptseite zugriff erfolgreich [] []
[2024-01-24T13:39:04.333816+00:00] logger.INFO: hauptseite zugriff erfolgreich [] []
[2024-01-24T14:53:38.159125+00:00] logger.INFO: abmelden erfolgreich [] []
[2024-01-24T14:53:38.262958+00:00] logger.INFO: hauptseite zugriff erfolgreich [] []
[2024-01-24T14:53:45.613434+00:00] logger.INFO: hauptseite zugriff erfolgreich [] []
[2024-01-24T14:56:31.027175+00:00] logger.INFO: hauptseite zugriff erfolgreich [] []
[2024-01-24T14:56:35.668738+00:00] logger.INFO: anmelden erfolgreich [] []
[2024-01-24T14:56:35.756324+00:00] logger.INFO: hauptseite zugriff erfolgreich [] []
[2024-01-24T14:56:45.138543+00:00] logger.INFO: hauptseite zugriff erfolgreich [] []
[2024-01-24T14:56:55.541752+00:00] logger.INFO: hauptseite zugriff erfolgreich [] []
[2024-01-24T14:57:17.061709+00:00] logger.INFO: hauptseite zugriff erfolgreich [] []
